<component name="libraryTable">
  <library name="junit-4.13-beta-1">
    <CLASSES>
      <root url="jar://$USER_HOME$/junit-4.13-beta-1.jar!/" />
      <root url="file://$USER_HOME$/Downloads/hamcrest-all-1.3" />
    </CLASSES>
    <JAVADOC />
    <SOURCES />
  </library>
</component>